<?xml version="1.0" encoding="UTF-8"?>
<testsuite xmlns:xsi="http://www.w3.org/2001/XMLSchema-instance" xsi:noNamespaceSchemaLocation="https://maven.apache.org/surefire/maven-surefire-plugin/xsd/surefire-test-report.xsd" version="3.0.2" name="example.micronaut.PetResourceTest" time="0.293" tests="1" errors="1" skipped="0" failures="0">
  <properties>
    <property name="java.specification.version" value="17"/>
    <property name="sun.jnu.encoding" value="UTF-8"/>
    <property name="java.class.path" value="/home/alessandro/projects/web-app-frameworks-comparison/micronautguide/target/test-classes:/home/alessandro/projects/web-app-frameworks-comparison/micronautguide/target/classes:/home/alessandro/.m2/repository/io/micronaut/micronaut-http-server-netty/4.6.5/micronaut-http-server-netty-4.6.5.jar:/home/alessandro/.m2/repository/org/slf4j/slf4j-api/2.0.16/slf4j-api-2.0.16.jar:/home/alessandro/.m2/repository/io/micronaut/micronaut-http-server/4.6.5/micronaut-http-server-4.6.5.jar:/home/alessandro/.m2/repository/io/micronaut/micronaut-core/4.6.5/micronaut-core-4.6.5.jar:/home/alessandro/.m2/repository/io/micronaut/micronaut-http-netty/4.6.5/micronaut-http-netty-4.6.5.jar:/home/alessandro/.m2/repository/io/micronaut/micronaut-buffer-netty/4.6.5/micronaut-buffer-netty-4.6.5.jar:/home/alessandro/.m2/repository/io/netty/netty-codec-http2/4.1.113.Final/netty-codec-http2-4.1.113.Final.jar:/home/alessandro/.m2/repository/io/netty/netty-handler/4.1.113.Final/netty-handler-4.1.113.Final.jar:/home/alessandro/.m2/repository/io/netty/netty-resolver/4.1.113.Final/netty-resolver-4.1.113.Final.jar:/home/alessandro/.m2/repository/io/netty/netty-transport-native-unix-common/4.1.113.Final/netty-transport-native-unix-common-4.1.113.Final.jar:/home/alessandro/.m2/repository/io/netty/netty-codec-http/4.1.113.Final/netty-codec-http-4.1.113.Final.jar:/home/alessandro/.m2/repository/io/netty/netty-common/4.1.113.Final/netty-common-4.1.113.Final.jar:/home/alessandro/.m2/repository/io/netty/netty-buffer/4.1.113.Final/netty-buffer-4.1.113.Final.jar:/home/alessandro/.m2/repository/io/netty/netty-transport/4.1.113.Final/netty-transport-4.1.113.Final.jar:/home/alessandro/.m2/repository/io/netty/netty-codec/4.1.113.Final/netty-codec-4.1.113.Final.jar:/home/alessandro/.m2/repository/io/projectreactor/reactor-core/3.6.9/reactor-core-3.6.9.jar:/home/alessandro/.m2/repository/org/reactivestreams/reactive-streams/1.0.4/reactive-streams-1.0.4.jar:/home/alessandro/.m2/repository/io/micronaut/data/micronaut-data-jdbc/4.9.3/micronaut-data-jdbc-4.9.3.jar:/home/alessandro/.m2/repository/io/micronaut/micronaut-inject/4.6.5/micronaut-inject-4.6.5.jar:/home/alessandro/.m2/repository/jakarta/inject/jakarta.inject-api/2.0.1/jakarta.inject-api-2.0.1.jar:/home/alessandro/.m2/repository/jakarta/annotation/jakarta.annotation-api/2.1.1/jakarta.annotation-api-2.1.1.jar:/home/alessandro/.m2/repository/io/micronaut/data/micronaut-data-runtime/4.9.3/micronaut-data-runtime-4.9.3.jar:/home/alessandro/.m2/repository/io/micronaut/data/micronaut-data-model/4.9.3/micronaut-data-model-4.9.3.jar:/home/alessandro/.m2/repository/io/micronaut/data/micronaut-data-tx/4.9.3/micronaut-data-tx-4.9.3.jar:/home/alessandro/.m2/repository/jakarta/persistence/jakarta.persistence-api/3.1.0/jakarta.persistence-api-3.1.0.jar:/home/alessandro/.m2/repository/io/micronaut/data/micronaut-data-tx-jdbc/4.9.3/micronaut-data-tx-jdbc-4.9.3.jar:/home/alessandro/.m2/repository/jakarta/transaction/jakarta.transaction-api/2.0.1/jakarta.transaction-api-2.0.1.jar:/home/alessandro/.m2/repository/io/micronaut/micronaut-aop/4.6.5/micronaut-aop-4.6.5.jar:/home/alessandro/.m2/repository/io/micronaut/data/micronaut-data-connection-jdbc/4.9.3/micronaut-data-connection-jdbc-4.9.3.jar:/home/alessandro/.m2/repository/io/micronaut/data/micronaut-data-connection/4.9.3/micronaut-data-connection-4.9.3.jar:/home/alessandro/.m2/repository/io/micronaut/micronaut-json-core/4.6.5/micronaut-json-core-4.6.5.jar:/home/alessandro/.m2/repository/io/micronaut/sql/micronaut-jdbc/5.8.2/micronaut-jdbc-5.8.2.jar:/home/alessandro/.m2/repository/io/micronaut/flyway/micronaut-flyway/7.4.0/micronaut-flyway-7.4.0.jar:/home/alessandro/.m2/repository/org/flywaydb/flyway-core/10.17.1/flyway-core-10.17.1.jar:/home/alessandro/.m2/repository/com/fasterxml/jackson/dataformat/jackson-dataformat-toml/2.17.2/jackson-dataformat-toml-2.17.2.jar:/home/alessandro/.m2/repository/com/fasterxml/jackson/core/jackson-databind/2.17.2/jackson-databind-2.17.2.jar:/home/alessandro/.m2/repository/com/google/code/gson/gson/2.10.1/gson-2.10.1.jar:/home/alessandro/.m2/repository/com/fasterxml/jackson/datatype/jackson-datatype-jsr310/2.17.2/jackson-datatype-jsr310-2.17.2.jar:/home/alessandro/.m2/repository/io/micronaut/micronaut-management/4.6.5/micronaut-management-4.6.5.jar:/home/alessandro/.m2/repository/io/micronaut/micronaut-discovery-core/4.6.5/micronaut-discovery-core-4.6.5.jar:/home/alessandro/.m2/repository/io/micronaut/jaxrs/micronaut-jaxrs-server/4.6.1/micronaut-jaxrs-server-4.6.1.jar:/home/alessandro/.m2/repository/io/micronaut/micronaut-http/4.6.5/micronaut-http-4.6.5.jar:/home/alessandro/.m2/repository/io/micronaut/micronaut-context-propagation/4.6.5/micronaut-context-propagation-4.6.5.jar:/home/alessandro/.m2/repository/jakarta/ws/rs/jakarta.ws.rs-api/3.1.0/jakarta.ws.rs-api-3.1.0.jar:/home/alessandro/.m2/repository/io/micronaut/micronaut-router/4.6.5/micronaut-router-4.6.5.jar:/home/alessandro/.m2/repository/io/micronaut/jaxrs/micronaut-jaxrs-common/4.6.1/micronaut-jaxrs-common-4.6.1.jar:/home/alessandro/.m2/repository/io/micronaut/serde/micronaut-serde-jackson/2.11.0/micronaut-serde-jackson-2.11.0.jar:/home/alessandro/.m2/repository/io/micronaut/micronaut-jackson-core/4.6.5/micronaut-jackson-core-4.6.5.jar:/home/alessandro/.m2/repository/com/fasterxml/jackson/core/jackson-core/2.17.2/jackson-core-2.17.2.jar:/home/alessandro/.m2/repository/com/fasterxml/jackson/core/jackson-annotations/2.17.2/jackson-annotations-2.17.2.jar:/home/alessandro/.m2/repository/io/micronaut/micronaut-context/4.6.5/micronaut-context-4.6.5.jar:/home/alessandro/.m2/repository/io/micronaut/serde/micronaut-serde-api/2.11.0/micronaut-serde-api-2.11.0.jar:/home/alessandro/.m2/repository/io/micronaut/serde/micronaut-serde-support/2.11.0/micronaut-serde-support-2.11.0.jar:/home/alessandro/.m2/repository/io/micronaut/sql/micronaut-jdbc-hikari/5.8.2/micronaut-jdbc-hikari-5.8.2.jar:/home/alessandro/.m2/repository/com/zaxxer/HikariCP/5.1.0/HikariCP-5.1.0.jar:/home/alessandro/.m2/repository/io/micronaut/validation/micronaut-validation/4.7.0/micronaut-validation-4.7.0.jar:/home/alessandro/.m2/repository/io/micronaut/micronaut-core-reactive/4.6.5/micronaut-core-reactive-4.6.5.jar:/home/alessandro/.m2/repository/io/micronaut/reactor/micronaut-reactor/3.5.0/micronaut-reactor-3.5.0.jar:/home/alessandro/.m2/repository/jakarta/validation/jakarta.validation-api/3.1.0/jakarta.validation-api-3.1.0.jar:/home/alessandro/.m2/repository/ch/qos/logback/logback-classic/1.5.7/logback-classic-1.5.7.jar:/home/alessandro/.m2/repository/ch/qos/logback/logback-core/1.5.7/logback-core-1.5.7.jar:/home/alessandro/.m2/repository/com/mysql/mysql-connector-j/8.4.0/mysql-connector-j-8.4.0.jar:/home/alessandro/.m2/repository/com/google/protobuf/protobuf-java/3.25.4/protobuf-java-3.25.4.jar:/home/alessandro/.m2/repository/org/flywaydb/flyway-mysql/10.17.1/flyway-mysql-10.17.1.jar:/home/alessandro/.m2/repository/io/micronaut/testresources/micronaut-test-resources-client/2.6.0/micronaut-test-resources-client-2.6.0.jar:/home/alessandro/.m2/repository/io/micronaut/testresources/micronaut-test-resources-core/2.6.0/micronaut-test-resources-core-2.6.0.jar:/home/alessandro/.m2/repository/io/micronaut/micronaut-http-client/4.6.2/micronaut-http-client-4.6.2.jar:/home/alessandro/.m2/repository/io/micronaut/micronaut-http-client-core/4.6.5/micronaut-http-client-core-4.6.5.jar:/home/alessandro/.m2/repository/io/micronaut/micronaut-websocket/4.6.5/micronaut-websocket-4.6.5.jar:/home/alessandro/.m2/repository/io/netty/netty-handler-proxy/4.1.113.Final/netty-handler-proxy-4.1.113.Final.jar:/home/alessandro/.m2/repository/io/netty/netty-codec-socks/4.1.113.Final/netty-codec-socks-4.1.113.Final.jar:/home/alessandro/.m2/repository/io/micronaut/jaxrs/micronaut-jaxrs-processor/4.6.1/micronaut-jaxrs-processor-4.6.1.jar:/home/alessandro/.m2/repository/io/micronaut/micronaut-core-processor/4.6.5/micronaut-core-processor-4.6.5.jar:/home/alessandro/.m2/repository/org/ow2/asm/asm-tree/9.7/asm-tree-9.7.jar:/home/alessandro/.m2/repository/org/ow2/asm/asm/9.7/asm-9.7.jar:/home/alessandro/.m2/repository/org/ow2/asm/asm-commons/9.7/asm-commons-9.7.jar:/home/alessandro/.m2/repository/com/github/javaparser/javaparser-symbol-solver-core/3.26.2/javaparser-symbol-solver-core-3.26.2.jar:/home/alessandro/.m2/repository/com/github/javaparser/javaparser-core/3.26.2/javaparser-core-3.26.2.jar:/home/alessandro/.m2/repository/io/micronaut/test/micronaut-test-junit5/4.5.0/micronaut-test-junit5-4.5.0.jar:/home/alessandro/.m2/repository/io/micronaut/test/micronaut-test-core/4.5.0/micronaut-test-core-4.5.0.jar:/home/alessandro/.m2/repository/org/junit/jupiter/junit-jupiter-api/5.11.0/junit-jupiter-api-5.11.0.jar:/home/alessandro/.m2/repository/org/opentest4j/opentest4j/1.3.0/opentest4j-1.3.0.jar:/home/alessandro/.m2/repository/org/junit/platform/junit-platform-commons/1.11.0/junit-platform-commons-1.11.0.jar:/home/alessandro/.m2/repository/org/apiguardian/apiguardian-api/1.1.2/apiguardian-api-1.1.2.jar:/home/alessandro/.m2/repository/org/junit/jupiter/junit-jupiter-engine/5.11.0/junit-jupiter-engine-5.11.0.jar:/home/alessandro/.m2/repository/org/junit/platform/junit-platform-engine/1.11.0/junit-platform-engine-1.11.0.jar:"/>
    <property name="java.vm.vendor" value="GraalVM Community"/>
    <property name="sun.arch.data.model" value="64"/>
    <property name="java.vendor.url" value="https://www.graalvm.org/"/>
    <property name="user.timezone" value="Europe/Rome"/>
    <property name="os.name" value="Linux"/>
    <property name="java.vm.specification.version" value="17"/>
    <property name="sun.java.launcher" value="SUN_STANDARD"/>
    <property name="user.country" value="US"/>
    <property name="sun.boot.library.path" value="/home/alessandro/.sdkman/candidates/java/17.0.9-graalce/lib"/>
    <property name="sun.java.command" value="/home/alessandro/projects/web-app-frameworks-comparison/micronautguide/target/surefire/surefirebooter-20240925173146446_3.jar /home/alessandro/projects/web-app-frameworks-comparison/micronautguide/target/surefire 2024-09-25T17-31-46_120-jvmRun1 surefire-20240925173146446_1tmp surefire_0-20240925173146446_2tmp"/>
    <property name="jdk.debug" value="release"/>
    <property name="surefire.test.class.path" value="/home/alessandro/projects/web-app-frameworks-comparison/micronautguide/target/test-classes:/home/alessandro/projects/web-app-frameworks-comparison/micronautguide/target/classes:/home/alessandro/.m2/repository/io/micronaut/micronaut-http-server-netty/4.6.5/micronaut-http-server-netty-4.6.5.jar:/home/alessandro/.m2/repository/org/slf4j/slf4j-api/2.0.16/slf4j-api-2.0.16.jar:/home/alessandro/.m2/repository/io/micronaut/micronaut-http-server/4.6.5/micronaut-http-server-4.6.5.jar:/home/alessandro/.m2/repository/io/micronaut/micronaut-core/4.6.5/micronaut-core-4.6.5.jar:/home/alessandro/.m2/repository/io/micronaut/micronaut-http-netty/4.6.5/micronaut-http-netty-4.6.5.jar:/home/alessandro/.m2/repository/io/micronaut/micronaut-buffer-netty/4.6.5/micronaut-buffer-netty-4.6.5.jar:/home/alessandro/.m2/repository/io/netty/netty-codec-http2/4.1.113.Final/netty-codec-http2-4.1.113.Final.jar:/home/alessandro/.m2/repository/io/netty/netty-handler/4.1.113.Final/netty-handler-4.1.113.Final.jar:/home/alessandro/.m2/repository/io/netty/netty-resolver/4.1.113.Final/netty-resolver-4.1.113.Final.jar:/home/alessandro/.m2/repository/io/netty/netty-transport-native-unix-common/4.1.113.Final/netty-transport-native-unix-common-4.1.113.Final.jar:/home/alessandro/.m2/repository/io/netty/netty-codec-http/4.1.113.Final/netty-codec-http-4.1.113.Final.jar:/home/alessandro/.m2/repository/io/netty/netty-common/4.1.113.Final/netty-common-4.1.113.Final.jar:/home/alessandro/.m2/repository/io/netty/netty-buffer/4.1.113.Final/netty-buffer-4.1.113.Final.jar:/home/alessandro/.m2/repository/io/netty/netty-transport/4.1.113.Final/netty-transport-4.1.113.Final.jar:/home/alessandro/.m2/repository/io/netty/netty-codec/4.1.113.Final/netty-codec-4.1.113.Final.jar:/home/alessandro/.m2/repository/io/projectreactor/reactor-core/3.6.9/reactor-core-3.6.9.jar:/home/alessandro/.m2/repository/org/reactivestreams/reactive-streams/1.0.4/reactive-streams-1.0.4.jar:/home/alessandro/.m2/repository/io/micronaut/data/micronaut-data-jdbc/4.9.3/micronaut-data-jdbc-4.9.3.jar:/home/alessandro/.m2/repository/io/micronaut/micronaut-inject/4.6.5/micronaut-inject-4.6.5.jar:/home/alessandro/.m2/repository/jakarta/inject/jakarta.inject-api/2.0.1/jakarta.inject-api-2.0.1.jar:/home/alessandro/.m2/repository/jakarta/annotation/jakarta.annotation-api/2.1.1/jakarta.annotation-api-2.1.1.jar:/home/alessandro/.m2/repository/io/micronaut/data/micronaut-data-runtime/4.9.3/micronaut-data-runtime-4.9.3.jar:/home/alessandro/.m2/repository/io/micronaut/data/micronaut-data-model/4.9.3/micronaut-data-model-4.9.3.jar:/home/alessandro/.m2/repository/io/micronaut/data/micronaut-data-tx/4.9.3/micronaut-data-tx-4.9.3.jar:/home/alessandro/.m2/repository/jakarta/persistence/jakarta.persistence-api/3.1.0/jakarta.persistence-api-3.1.0.jar:/home/alessandro/.m2/repository/io/micronaut/data/micronaut-data-tx-jdbc/4.9.3/micronaut-data-tx-jdbc-4.9.3.jar:/home/alessandro/.m2/repository/jakarta/transaction/jakarta.transaction-api/2.0.1/jakarta.transaction-api-2.0.1.jar:/home/alessandro/.m2/repository/io/micronaut/micronaut-aop/4.6.5/micronaut-aop-4.6.5.jar:/home/alessandro/.m2/repository/io/micronaut/data/micronaut-data-connection-jdbc/4.9.3/micronaut-data-connection-jdbc-4.9.3.jar:/home/alessandro/.m2/repository/io/micronaut/data/micronaut-data-connection/4.9.3/micronaut-data-connection-4.9.3.jar:/home/alessandro/.m2/repository/io/micronaut/micronaut-json-core/4.6.5/micronaut-json-core-4.6.5.jar:/home/alessandro/.m2/repository/io/micronaut/sql/micronaut-jdbc/5.8.2/micronaut-jdbc-5.8.2.jar:/home/alessandro/.m2/repository/io/micronaut/flyway/micronaut-flyway/7.4.0/micronaut-flyway-7.4.0.jar:/home/alessandro/.m2/repository/org/flywaydb/flyway-core/10.17.1/flyway-core-10.17.1.jar:/home/alessandro/.m2/repository/com/fasterxml/jackson/dataformat/jackson-dataformat-toml/2.17.2/jackson-dataformat-toml-2.17.2.jar:/home/alessandro/.m2/repository/com/fasterxml/jackson/core/jackson-databind/2.17.2/jackson-databind-2.17.2.jar:/home/alessandro/.m2/repository/com/google/code/gson/gson/2.10.1/gson-2.10.1.jar:/home/alessandro/.m2/repository/com/fasterxml/jackson/datatype/jackson-datatype-jsr310/2.17.2/jackson-datatype-jsr310-2.17.2.jar:/home/alessandro/.m2/repository/io/micronaut/micronaut-management/4.6.5/micronaut-management-4.6.5.jar:/home/alessandro/.m2/repository/io/micronaut/micronaut-discovery-core/4.6.5/micronaut-discovery-core-4.6.5.jar:/home/alessandro/.m2/repository/io/micronaut/jaxrs/micronaut-jaxrs-server/4.6.1/micronaut-jaxrs-server-4.6.1.jar:/home/alessandro/.m2/repository/io/micronaut/micronaut-http/4.6.5/micronaut-http-4.6.5.jar:/home/alessandro/.m2/repository/io/micronaut/micronaut-context-propagation/4.6.5/micronaut-context-propagation-4.6.5.jar:/home/alessandro/.m2/repository/jakarta/ws/rs/jakarta.ws.rs-api/3.1.0/jakarta.ws.rs-api-3.1.0.jar:/home/alessandro/.m2/repository/io/micronaut/micronaut-router/4.6.5/micronaut-router-4.6.5.jar:/home/alessandro/.m2/repository/io/micronaut/jaxrs/micronaut-jaxrs-common/4.6.1/micronaut-jaxrs-common-4.6.1.jar:/home/alessandro/.m2/repository/io/micronaut/serde/micronaut-serde-jackson/2.11.0/micronaut-serde-jackson-2.11.0.jar:/home/alessandro/.m2/repository/io/micronaut/micronaut-jackson-core/4.6.5/micronaut-jackson-core-4.6.5.jar:/home/alessandro/.m2/repository/com/fasterxml/jackson/core/jackson-core/2.17.2/jackson-core-2.17.2.jar:/home/alessandro/.m2/repository/com/fasterxml/jackson/core/jackson-annotations/2.17.2/jackson-annotations-2.17.2.jar:/home/alessandro/.m2/repository/io/micronaut/micronaut-context/4.6.5/micronaut-context-4.6.5.jar:/home/alessandro/.m2/repository/io/micronaut/serde/micronaut-serde-api/2.11.0/micronaut-serde-api-2.11.0.jar:/home/alessandro/.m2/repository/io/micronaut/serde/micronaut-serde-support/2.11.0/micronaut-serde-support-2.11.0.jar:/home/alessandro/.m2/repository/io/micronaut/sql/micronaut-jdbc-hikari/5.8.2/micronaut-jdbc-hikari-5.8.2.jar:/home/alessandro/.m2/repository/com/zaxxer/HikariCP/5.1.0/HikariCP-5.1.0.jar:/home/alessandro/.m2/repository/io/micronaut/validation/micronaut-validation/4.7.0/micronaut-validation-4.7.0.jar:/home/alessandro/.m2/repository/io/micronaut/micronaut-core-reactive/4.6.5/micronaut-core-reactive-4.6.5.jar:/home/alessandro/.m2/repository/io/micronaut/reactor/micronaut-reactor/3.5.0/micronaut-reactor-3.5.0.jar:/home/alessandro/.m2/repository/jakarta/validation/jakarta.validation-api/3.1.0/jakarta.validation-api-3.1.0.jar:/home/alessandro/.m2/repository/ch/qos/logback/logback-classic/1.5.7/logback-classic-1.5.7.jar:/home/alessandro/.m2/repository/ch/qos/logback/logback-core/1.5.7/logback-core-1.5.7.jar:/home/alessandro/.m2/repository/com/mysql/mysql-connector-j/8.4.0/mysql-connector-j-8.4.0.jar:/home/alessandro/.m2/repository/com/google/protobuf/protobuf-java/3.25.4/protobuf-java-3.25.4.jar:/home/alessandro/.m2/repository/org/flywaydb/flyway-mysql/10.17.1/flyway-mysql-10.17.1.jar:/home/alessandro/.m2/repository/io/micronaut/testresources/micronaut-test-resources-client/2.6.0/micronaut-test-resources-client-2.6.0.jar:/home/alessandro/.m2/repository/io/micronaut/testresources/micronaut-test-resources-core/2.6.0/micronaut-test-resources-core-2.6.0.jar:/home/alessandro/.m2/repository/io/micronaut/micronaut-http-client/4.6.2/micronaut-http-client-4.6.2.jar:/home/alessandro/.m2/repository/io/micronaut/micronaut-http-client-core/4.6.5/micronaut-http-client-core-4.6.5.jar:/home/alessandro/.m2/repository/io/micronaut/micronaut-websocket/4.6.5/micronaut-websocket-4.6.5.jar:/home/alessandro/.m2/repository/io/netty/netty-handler-proxy/4.1.113.Final/netty-handler-proxy-4.1.113.Final.jar:/home/alessandro/.m2/repository/io/netty/netty-codec-socks/4.1.113.Final/netty-codec-socks-4.1.113.Final.jar:/home/alessandro/.m2/repository/io/micronaut/jaxrs/micronaut-jaxrs-processor/4.6.1/micronaut-jaxrs-processor-4.6.1.jar:/home/alessandro/.m2/repository/io/micronaut/micronaut-core-processor/4.6.5/micronaut-core-processor-4.6.5.jar:/home/alessandro/.m2/repository/org/ow2/asm/asm-tree/9.7/asm-tree-9.7.jar:/home/alessandro/.m2/repository/org/ow2/asm/asm/9.7/asm-9.7.jar:/home/alessandro/.m2/repository/org/ow2/asm/asm-commons/9.7/asm-commons-9.7.jar:/home/alessandro/.m2/repository/com/github/javaparser/javaparser-symbol-solver-core/3.26.2/javaparser-symbol-solver-core-3.26.2.jar:/home/alessandro/.m2/repository/com/github/javaparser/javaparser-core/3.26.2/javaparser-core-3.26.2.jar:/home/alessandro/.m2/repository/io/micronaut/test/micronaut-test-junit5/4.5.0/micronaut-test-junit5-4.5.0.jar:/home/alessandro/.m2/repository/io/micronaut/test/micronaut-test-core/4.5.0/micronaut-test-core-4.5.0.jar:/home/alessandro/.m2/repository/org/junit/jupiter/junit-jupiter-api/5.11.0/junit-jupiter-api-5.11.0.jar:/home/alessandro/.m2/repository/org/opentest4j/opentest4j/1.3.0/opentest4j-1.3.0.jar:/home/alessandro/.m2/repository/org/junit/platform/junit-platform-commons/1.11.0/junit-platform-commons-1.11.0.jar:/home/alessandro/.m2/repository/org/apiguardian/apiguardian-api/1.1.2/apiguardian-api-1.1.2.jar:/home/alessandro/.m2/repository/org/junit/jupiter/junit-jupiter-engine/5.11.0/junit-jupiter-engine-5.11.0.jar:/home/alessandro/.m2/repository/org/junit/platform/junit-platform-engine/1.11.0/junit-platform-engine-1.11.0.jar:"/>
    <property name="sun.cpu.endian" value="little"/>
    <property name="user.home" value="/home/alessandro"/>
    <property name="user.language" value="en"/>
    <property name="java.specification.vendor" value="Oracle Corporation"/>
    <property name="java.version.date" value="2023-10-17"/>
    <property name="java.home" value="/home/alessandro/.sdkman/candidates/java/17.0.9-graalce"/>
    <property name="file.separator" value="/"/>
    <property name="basedir" value="/home/alessandro/projects/web-app-frameworks-comparison/micronautguide"/>
    <property name="java.vm.compressedOopsMode" value="Zero based"/>
    <property name="jdk.internal.vm.ci.enabled" value="true"/>
    <property name="line.separator" value="&#10;"/>
    <property name="java.vm.specification.vendor" value="Oracle Corporation"/>
    <property name="java.specification.name" value="Java Platform API Specification"/>
    <property name="surefire.real.class.path" value="/home/alessandro/projects/web-app-frameworks-comparison/micronautguide/target/surefire/surefirebooter-20240925173146446_3.jar"/>
    <property name="sun.management.compiler" value="HotSpot 64-Bit Tiered Compilers"/>
    <property name="java.runtime.version" value="17.0.9+9-jvmci-23.0-b22"/>
    <property name="user.name" value="alessandro"/>
    <property name="path.separator" value=":"/>
    <property name="os.version" value="5.15.0-122-generic"/>
    <property name="java.runtime.name" value="OpenJDK Runtime Environment"/>
    <property name="file.encoding" value="UTF-8"/>
    <property name="native" value="true"/>
    <property name="java.vm.name" value="OpenJDK 64-Bit Server VM"/>
    <property name="java.vendor.version" value="GraalVM CE 17.0.9+9.1"/>
    <property name="localRepository" value="/home/alessandro/.m2/repository"/>
    <property name="micronaut.classloader.logging" value="true"/>
    <property name="java.vendor.url.bug" value="https://github.com/oracle/graal/issues"/>
    <property name="java.io.tmpdir" value="/tmp"/>
    <property name="java.version" value="17.0.9"/>
    <property name="user.dir" value="/home/alessandro/projects/web-app-frameworks-comparison/micronautguide"/>
    <property name="os.arch" value="amd64"/>
    <property name="java.vm.specification.name" value="Java Virtual Machine Specification"/>
    <property name="native.encoding" value="UTF-8"/>
    <property name="java.library.path" value="/usr/java/packages/lib:/usr/lib64:/lib64:/lib:/usr/lib"/>
    <property name="java.vm.info" value="mixed mode, sharing"/>
    <property name="java.vendor" value="GraalVM Community"/>
    <property name="java.vm.version" value="17.0.9+9-jvmci-23.0-b22"/>
    <property name="sun.io.unicode.encoding" value="UnicodeLittle"/>
    <property name="java.class.version" value="61.0"/>
  </properties>
  <testcase name="" classname="example.micronaut.PetResourceTest" time="0.293">
    <error message="Bean definition [javax.sql.DataSource] could not be loaded: Error instantiating bean of type  [javax.sql.DataSource]&#10;&#10;Message: Test resources service wasn&apos;t able to revolve expression &apos;datasources.default.password&apos;: Cannot start container mysql as Docker doesn&apos;t seem to be available&#10;Path Taken: DatasourceFactory.dataSource(DatasourceConfiguration datasourceConfiguration) --&gt; DatasourceFactory.dataSource([DatasourceConfiguration datasourceConfiguration])" type="io.micronaut.context.exceptions.BeanInstantiationException"><![CDATA[io.micronaut.context.exceptions.BeanInstantiationException: 
Bean definition [javax.sql.DataSource] could not be loaded: Error instantiating bean of type  [javax.sql.DataSource]

Message: Test resources service wasn't able to revolve expression 'datasources.default.password': Cannot start container mysql as Docker doesn't seem to be available
Path Taken: DatasourceFactory.dataSource(DatasourceConfiguration datasourceConfiguration) --> DatasourceFactory.dataSource([DatasourceConfiguration datasourceConfiguration])
	at io.micronaut.context.DefaultBeanContext.initializeContext(DefaultBeanContext.java:1996)
	at io.micronaut.context.DefaultApplicationContext.initializeContext(DefaultApplicationContext.java:307)
	at io.micronaut.context.DefaultBeanContext.configureAndStartContext(DefaultBeanContext.java:3314)
	at io.micronaut.context.DefaultBeanContext.start(DefaultBeanContext.java:345)
	at io.micronaut.context.DefaultApplicationContext.start(DefaultApplicationContext.java:215)
	at io.micronaut.test.extensions.AbstractMicronautExtension.startApplicationContext(AbstractMicronautExtension.java:507)
	at io.micronaut.test.extensions.AbstractMicronautExtension.beforeClass(AbstractMicronautExtension.java:346)
	at io.micronaut.test.extensions.junit5.MicronautJunit5Extension.beforeAll(MicronautJunit5Extension.java:84)
	at java.base/java.util.ArrayList.forEach(ArrayList.java:1511)
Caused by: io.micronaut.context.exceptions.BeanInstantiationException: Error instantiating bean of type  [javax.sql.DataSource]

Message: Test resources service wasn't able to revolve expression 'datasources.default.password': Cannot start container mysql as Docker doesn't seem to be available
Path Taken: DatasourceFactory.dataSource(DatasourceConfiguration datasourceConfiguration) --> DatasourceFactory.dataSource([DatasourceConfiguration datasourceConfiguration])
	at io.micronaut.context.DefaultBeanContext.resolveByBeanFactory(DefaultBeanContext.java:2345)
	at io.micronaut.context.DefaultBeanContext.doCreateBean(DefaultBeanContext.java:2300)
	at io.micronaut.context.DefaultBeanContext.doCreateBean(DefaultBeanContext.java:2312)
	at io.micronaut.context.DefaultBeanContext.createRegistration(DefaultBeanContext.java:3123)
	at io.micronaut.context.SingletonScope.getOrCreate(SingletonScope.java:80)
	at io.micronaut.context.DefaultBeanContext.findOrCreateSingletonBeanRegistration(DefaultBeanContext.java:3025)
	at io.micronaut.context.DefaultBeanContext.resolveBeanRegistration(DefaultBeanContext.java:2986)
	at io.micronaut.context.DefaultBeanContext.resolveBeanRegistration(DefaultBeanContext.java:2752)
	at io.micronaut.context.DefaultBeanContext.getBean(DefaultBeanContext.java:1745)
	at io.micronaut.context.AbstractBeanResolutionContext.getBean(AbstractBeanResolutionContext.java:89)
	at io.micronaut.context.AbstractInitializableBeanDefinition.resolveBean(AbstractInitializableBeanDefinition.java:2188)
	at io.micronaut.context.AbstractInitializableBeanDefinition.getBeanForConstructorArgument(AbstractInitializableBeanDefinition.java:1350)
	at io.micronaut.configuration.jdbc.hikari.$DatasourceFactory$DataSource0$Definition.instantiate(Unknown Source)
	at io.micronaut.context.BeanDefinitionDelegate.instantiate(BeanDefinitionDelegate.java:170)
	at io.micronaut.context.DefaultBeanContext.resolveByBeanFactory(DefaultBeanContext.java:2330)
	at io.micronaut.context.DefaultBeanContext.doCreateBean(DefaultBeanContext.java:2300)
	at io.micronaut.context.DefaultBeanContext.doCreateBean(DefaultBeanContext.java:2312)
	at io.micronaut.context.DefaultBeanContext.createRegistration(DefaultBeanContext.java:3123)
	at io.micronaut.context.SingletonScope.getOrCreate(SingletonScope.java:80)
	at io.micronaut.context.DefaultBeanContext.findOrCreateSingletonBeanRegistration(DefaultBeanContext.java:3025)
	at io.micronaut.context.DefaultBeanContext.initializeEagerBean(DefaultBeanContext.java:2689)
	at io.micronaut.context.DefaultBeanContext.initializeContext(DefaultBeanContext.java:1990)
	... 8 more
Caused by: io.micronaut.testresources.client.TestResourcesException: Test resources service wasn't able to revolve expression 'datasources.default.password': Cannot start container mysql as Docker doesn't seem to be available
	at io.micronaut.testresources.client.TestResourcesClientPropertyExpressionResolver$DelegateResolver.withErrorHandling(TestResourcesClientPropertyExpressionResolver.java:92)
	at io.micronaut.testresources.client.TestResourcesClientPropertyExpressionResolver$DelegateResolver.callClient(TestResourcesClientPropertyExpressionResolver.java:74)
	at io.micronaut.testresources.client.TestResourcesClientPropertyExpressionResolver$DelegateResolver.resolve(TestResourcesClientPropertyExpressionResolver.java:61)
	at io.micronaut.testresources.core.LazyTestResourcesExpressionResolver.resolve(LazyTestResourcesExpressionResolver.java:45)
	at io.micronaut.context.env.DefaultPropertyPlaceholderResolver.resolveExpression(DefaultPropertyPlaceholderResolver.java:209)
	at io.micronaut.context.env.DefaultPropertyPlaceholderResolver$PlaceholderSegment.getValue(DefaultPropertyPlaceholderResolver.java:381)
	at io.micronaut.context.env.DefaultPropertyPlaceholderResolver.resolveRequiredPlaceholdersObject(DefaultPropertyPlaceholderResolver.java:116)
	at io.micronaut.context.env.PropertySourcePropertyResolver.resolvePlaceHoldersIfNecessary(PropertySourcePropertyResolver.java:791)
	at io.micronaut.context.env.PropertySourcePropertyResolver.getProperty(PropertySourcePropertyResolver.java:388)
	at io.micronaut.context.DefaultApplicationContext.getProperty(DefaultApplicationContext.java:247)
	at io.micronaut.context.AbstractInitializableBeanDefinition.resolvePropertyValue(AbstractInitializableBeanDefinition.java:2130)
	at io.micronaut.context.AbstractInitializableBeanDefinition.getPropertyValueForSetter(AbstractInitializableBeanDefinition.java:1072)
	at io.micronaut.configuration.jdbc.hikari.$DatasourceConfiguration$Definition.inject(Unknown Source)
	at io.micronaut.configuration.jdbc.hikari.$DatasourceConfiguration$Definition.doInstantiate(Unknown Source)
	at io.micronaut.context.AbstractInitializableBeanDefinition.instantiate(AbstractInitializableBeanDefinition.java:770)
	at io.micronaut.context.BeanDefinitionDelegate.instantiate(BeanDefinitionDelegate.java:167)
	at io.micronaut.context.DefaultBeanContext.resolveByBeanFactory(DefaultBeanContext.java:2330)
	... 29 more
]]></error>
    <system-out><![CDATA[&amp#27;[36m17:31:52.830&amp#27;[0;39m &amp#27;[1;30m[main]&amp#27;[0;39m &amp#27;[34mINFO &amp#27;[0;39m &amp#27;[35mi.m.c.DefaultApplicationContext$RuntimeConfiguredEnvironment&amp#27;[0;39m - Established active environments: [test]
]]></system-out>
  </testcase>
</testsuite>